<?xml version="1.0" encoding="UTF-8"?>
<testsuite xmlns:xsi="http://www.w3.org/2001/XMLSchema-instance" xsi:noNamespaceSchemaLocation="https://maven.apache.org/surefire/maven-surefire-plugin/xsd/surefire-test-report.xsd" name="TestSuite" time="26.01" tests="2" errors="0" skipped="0" failures="1">
  <properties>
[...]
</properties>
  <testcase name="customerLogin" classname="com.gowri.End2End.Tc1CustomersLogin" time="11.37"/>
  <testcase name="managerLogin" classname="com.gowri.End2End.Tc2ManagerLogin" time="5.026">
    <failure message="expected [XYZ Bank] but found [XYZ Bank1]" type="java.lang.AssertionError">java.lang.AssertionError: expected [XYZ Bank] but found [XYZ Bank1]
	at com.gowri.End2End.Tc2ManagerLogin.managerLogin(Tc2ManagerLogin.java:30)
</failure>
    <system-out><![CDATA[Chrome
]]></system-out>
    <system-err><![CDATA[Starting ChromeDriver 2.35.528161 (5b82f2d2aae0ca24b877009200ced9065a772e73) on port 8979
Only local connections are allowed.
Feb 17, 2018 9:53:41 PM org.openqa.selenium.remote.ProtocolHandshake createSession
INFO: Detected dialect: OSS
]]></system-err>
  </testcase>
</testsuite>