-------------------------------------------------------------------------------
Test set: TestSuite
-------------------------------------------------------------------------------
Tests run: 2, Failures: 1, Errors: 0, Skipped: 0, Time elapsed: 26.01 s <<< FAILURE! - in TestSuite
managerLogin(com.gowri.End2End.Tc2ManagerLogin)  Time elapsed: 5.026 s  <<< FAILURE!
java.lang.AssertionError: expected [XYZ Bank] but found [XYZ Bank1]
	at com.gowri.End2End.Tc2ManagerLogin.managerLogin(Tc2ManagerLogin.java:30)

