<?xml version="1.0" encoding="UTF-8"?>
<!-- Generated by org.testng.reporters.JUnitXMLReporter -->
<testsuite ignored="0" hostname="LAPTOP-GOWRISAIAARUSH" failures="1" tests="1" name="Validating Manager Logins" time="7.777" errors="0" timestamp="17 Feb 2018 10:53:47 GMT">
  <testcase classname="com.gowri.End2End.Tc2ManagerLogin" name="managerLogin" time="4.69">
    <failure type="java.lang.AssertionError" message="expected [XYZ Bank] but found [XYZ Bank1]">
      <![CDATA[java.lang.AssertionError: expected [XYZ Bank] but found [XYZ Bank1]
at com.gowri.End2End.Tc2ManagerLogin.managerLogin(Tc2ManagerLogin.java:30)
... Removed 35 stack frames]]>
    </failure>
  </testcase> <!-- managerLogin -->
</testsuite> <!-- Validating Manager Logins -->
