<?xml version="1.0" encoding="UTF-8"?>
<!-- Generated by org.testng.reporters.JUnitXMLReporter -->
<testsuite ignored="0" hostname="LAPTOP-GOWRISAIAARUSH" failures="2" tests="2" name="Validating Customer Logins" time="23.333" errors="0" timestamp="25 Feb 2018 10:18:15 GMT">
  <testcase classname="com.gowri.End2End.Tc1CustomersLogin" name="@AfterTest teardown" time="0.078">
    <failure type="org.openqa.selenium.SessionNotCreatedException" message="Tried to run command without establishing a connection
Build info: version: &amp;apos;3.9.1&amp;apos;, revision: &amp;apos;63f7b50&amp;apos;, time: &amp;apos;2018-02-07T22:25:02.294Z&amp;apos;
System info: host: &amp;apos;LAPTOP-GOWRISAI&amp;apos;, ip: &amp;apos;192.168.137.1&amp;apos;, os.name: &amp;apos;Windows 10&amp;apos;, os.arch: &amp;apos;amd64&amp;apos;, os.version: &amp;apos;10.0&amp;apos;, java.version: &amp;apos;9.0.1&amp;apos;
Driver info: org.openqa.selenium.firefox.FirefoxDriver
Capabilities {acceptInsecureCerts: true, browserName: firefox, browserVersion: 58.0.2, javascriptEnabled: true, moz:accessibilityChecks: false, moz:headless: false, moz:processID: 17552, moz:profile: C:\Users\Gowri\AppData\Loca..., moz:webdriverClick: true, pageLoadStrategy: normal, platform: XP, platformName: XP, platformVersion: 10.0, rotatable: false, timeouts: {implicit: 0, pageLoad: 300000, script: 30000}}
Session ID: ea228c23-edd2-47df-b766-a2d94c7df40b">
      <![CDATA[org.openqa.selenium.SessionNotCreatedException: Tried to run command without establishing a connection
Build info: version: '3.9.1', revision: '63f7b50', time: '2018-02-07T22:25:02.294Z'
System info: host: 'LAPTOP-GOWRISAI', ip: '192.168.137.1', os.name: 'Windows 10', os.arch: 'amd64', os.version: '10.0', java.version: '9.0.1'
Driver info: org.openqa.selenium.firefox.FirefoxDriver
Capabilities {acceptInsecureCerts: true, browserName: firefox, browserVersion: 58.0.2, javascriptEnabled: true, moz:accessibilityChecks: false, moz:headless: false, moz:processID: 17552, moz:profile: C:\Users\Gowri\AppData\Loca..., moz:webdriverClick: true, pageLoadStrategy: normal, platform: XP, platformName: XP, platformVersion: 10.0, rotatable: false, timeouts: {implicit: 0, pageLoad: 300000, script: 30000}}
Session ID: ea228c23-edd2-47df-b766-a2d94c7df40b
at org.openqa.selenium.remote.http.W3CHttpResponseCodec.createException(W3CHttpResponseCodec.java:187)
at org.openqa.selenium.remote.http.W3CHttpResponseCodec.decode(W3CHttpResponseCodec.java:122)
at org.openqa.selenium.remote.http.W3CHttpResponseCodec.decode(W3CHttpResponseCodec.java:49)
at org.openqa.selenium.remote.HttpCommandExecutor.execute(HttpCommandExecutor.java:160)
at org.openqa.selenium.remote.service.DriverCommandExecutor.execute(DriverCommandExecutor.java:83)
at org.openqa.selenium.remote.RemoteWebDriver.execute(RemoteWebDriver.java:601)
at org.openqa.selenium.remote.RemoteWebDriver.execute(RemoteWebDriver.java:658)
at org.openqa.selenium.remote.RemoteWebDriver.quit(RemoteWebDriver.java:497)
at com.gowri.End2End.Tc1CustomersLogin.teardown(Tc1CustomersLogin.java:85)
... Removed 32 stack frames]]>
    </failure>
  </testcase> <!-- @AfterTest teardown -->
  <testcase classname="com.gowri.End2End.Tc1CustomersLogin" name="customerLogin" time="16.52">
    <failure type="org.openqa.selenium.WebDriverException" message="Failed to decode response from marionette
Build info: version: &amp;apos;3.9.1&amp;apos;, revision: &amp;apos;63f7b50&amp;apos;, time: &amp;apos;2018-02-07T22:25:02.294Z&amp;apos;
System info: host: &amp;apos;LAPTOP-GOWRISAI&amp;apos;, ip: &amp;apos;192.168.137.1&amp;apos;, os.name: &amp;apos;Windows 10&amp;apos;, os.arch: &amp;apos;amd64&amp;apos;, os.version: &amp;apos;10.0&amp;apos;, java.version: &amp;apos;9.0.1&amp;apos;
Driver info: org.openqa.selenium.firefox.FirefoxDriver
Capabilities {acceptInsecureCerts: true, browserName: firefox, browserVersion: 58.0.2, javascriptEnabled: true, moz:accessibilityChecks: false, moz:headless: false, moz:processID: 17552, moz:profile: C:\Users\Gowri\AppData\Loca..., moz:webdriverClick: true, pageLoadStrategy: normal, platform: XP, platformName: XP, platformVersion: 10.0, rotatable: false, timeouts: {implicit: 0, pageLoad: 300000, script: 30000}}
Session ID: ea228c23-edd2-47df-b766-a2d94c7df40b
*** Element info: {Using=xpath, value=//span[@class=&amp;apos;fontBig ng-binding&amp;apos;]}">
      <![CDATA[org.openqa.selenium.WebDriverException: Failed to decode response from marionette
Build info: version: '3.9.1', revision: '63f7b50', time: '2018-02-07T22:25:02.294Z'
System info: host: 'LAPTOP-GOWRISAI', ip: '192.168.137.1', os.name: 'Windows 10', os.arch: 'amd64', os.version: '10.0', java.version: '9.0.1'
Driver info: org.openqa.selenium.firefox.FirefoxDriver
Capabilities {acceptInsecureCerts: true, browserName: firefox, browserVersion: 58.0.2, javascriptEnabled: true, moz:accessibilityChecks: false, moz:headless: false, moz:processID: 17552, moz:profile: C:\Users\Gowri\AppData\Loca..., moz:webdriverClick: true, pageLoadStrategy: normal, platform: XP, platformName: XP, platformVersion: 10.0, rotatable: false, timeouts: {implicit: 0, pageLoad: 300000, script: 30000}}
Session ID: ea228c23-edd2-47df-b766-a2d94c7df40b
*** Element info: {Using=xpath, value=//span[@class='fontBig ng-binding']}
at org.openqa.selenium.remote.http.W3CHttpResponseCodec.createException(W3CHttpResponseCodec.java:187)
at org.openqa.selenium.remote.http.W3CHttpResponseCodec.decode(W3CHttpResponseCodec.java:122)
at org.openqa.selenium.remote.http.W3CHttpResponseCodec.decode(W3CHttpResponseCodec.java:49)
at org.openqa.selenium.remote.HttpCommandExecutor.execute(HttpCommandExecutor.java:160)
at org.openqa.selenium.remote.service.DriverCommandExecutor.execute(DriverCommandExecutor.java:83)
at org.openqa.selenium.remote.RemoteWebDriver.execute(RemoteWebDriver.java:601)
at org.openqa.selenium.remote.RemoteWebDriver.findElement(RemoteWebDriver.java:371)
at org.openqa.selenium.remote.RemoteWebDriver.findElementByXPath(RemoteWebDriver.java:473)
at org.openqa.selenium.By$ByXPath.findElement(By.java:361)
at org.openqa.selenium.remote.RemoteWebDriver.findElement(RemoteWebDriver.java:363)
at PageObjects.CustomerAccountsPage.customername(CustomerAccountsPage.java:33)
at com.gowri.End2End.Tc1CustomersLogin.customerLogin(Tc1CustomersLogin.java:65)
... Removed 33 stack frames]]>
    </failure>
  </testcase> <!-- customerLogin -->
  <testcase classname="com.gowri.End2End.Tc1CustomersLogin" name="customerLogin" time="16.52">
    <failure type="org.openqa.selenium.SessionNotCreatedException" message="Tried to run command without establishing a connection
Build info: version: &amp;apos;3.9.1&amp;apos;, revision: &amp;apos;63f7b50&amp;apos;, time: &amp;apos;2018-02-07T22:25:02.294Z&amp;apos;
System info: host: &amp;apos;LAPTOP-GOWRISAI&amp;apos;, ip: &amp;apos;192.168.137.1&amp;apos;, os.name: &amp;apos;Windows 10&amp;apos;, os.arch: &amp;apos;amd64&amp;apos;, os.version: &amp;apos;10.0&amp;apos;, java.version: &amp;apos;9.0.1&amp;apos;
Driver info: org.openqa.selenium.firefox.FirefoxDriver
Capabilities {acceptInsecureCerts: true, browserName: firefox, browserVersion: 58.0.2, javascriptEnabled: true, moz:accessibilityChecks: false, moz:headless: false, moz:processID: 17552, moz:profile: C:\Users\Gowri\AppData\Loca..., moz:webdriverClick: true, pageLoadStrategy: normal, platform: XP, platformName: XP, platformVersion: 10.0, rotatable: false, timeouts: {implicit: 0, pageLoad: 300000, script: 30000}}
Session ID: ea228c23-edd2-47df-b766-a2d94c7df40b">
      <![CDATA[org.openqa.selenium.SessionNotCreatedException: Tried to run command without establishing a connection
Build info: version: '3.9.1', revision: '63f7b50', time: '2018-02-07T22:25:02.294Z'
System info: host: 'LAPTOP-GOWRISAI', ip: '192.168.137.1', os.name: 'Windows 10', os.arch: 'amd64', os.version: '10.0', java.version: '9.0.1'
Driver info: org.openqa.selenium.firefox.FirefoxDriver
Capabilities {acceptInsecureCerts: true, browserName: firefox, browserVersion: 58.0.2, javascriptEnabled: true, moz:accessibilityChecks: false, moz:headless: false, moz:processID: 17552, moz:profile: C:\Users\Gowri\AppData\Loca..., moz:webdriverClick: true, pageLoadStrategy: normal, platform: XP, platformName: XP, platformVersion: 10.0, rotatable: false, timeouts: {implicit: 0, pageLoad: 300000, script: 30000}}
Session ID: ea228c23-edd2-47df-b766-a2d94c7df40b
at org.openqa.selenium.remote.http.W3CHttpResponseCodec.createException(W3CHttpResponseCodec.java:187)
at org.openqa.selenium.remote.http.W3CHttpResponseCodec.decode(W3CHttpResponseCodec.java:122)
at org.openqa.selenium.remote.http.W3CHttpResponseCodec.decode(W3CHttpResponseCodec.java:49)
at org.openqa.selenium.remote.HttpCommandExecutor.execute(HttpCommandExecutor.java:160)
at org.openqa.selenium.remote.service.DriverCommandExecutor.execute(DriverCommandExecutor.java:83)
at org.openqa.selenium.remote.RemoteWebDriver.execute(RemoteWebDriver.java:601)
at org.openqa.selenium.remote.RemoteWebDriver.execute(RemoteWebDriver.java:658)
at org.openqa.selenium.remote.RemoteWebDriver.getScreenshotAs(RemoteWebDriver.java:343)
at com.gowri.End2End.Base.getScreenshot(Base.java:68)
at com.gowri.End2End.Listeners.onTestFailure(Listeners.java:38)
... Removed 30 stack frames]]>
    </failure>
  </testcase> <!-- customerLogin -->
</testsuite> <!-- Validating Customer Logins -->
