<?xml version="1.0" encoding="UTF-8"?>
<testng-results ignored="0" total="4" passed="4" failed="0" skipped="0">
  <reporter-output>
  </reporter-output>
  <suite started-at="2018-06-07T11:00:13Z" name="Suite" finished-at="2018-06-07T11:01:33Z" duration-ms="80281">
    <groups>
      <group name="managerLogin">
        <method signature="Tc2ManagerLogin.managerLogin()[pri:0, instance:com.gowri.End2End.Tc2ManagerLogin@5c153b9e]" name="managerLogin" class="com.gowri.End2End.Tc2ManagerLogin"/>
      </group> <!-- managerLogin -->
    </groups>
    <test started-at="2018-06-07T11:00:13Z" name="Validating Customer Logins" finished-at="2018-06-07T11:00:59Z" duration-ms="46135">
      <class name="com.gowri.End2End.Tc1CustomersLogin">
        <test-method is-config="true" signature="initialize()[pri:0, instance:com.gowri.End2End.Tc1CustomersLogin@696f0212]" started-at="2018-06-07T11:00:13Z" name="initialize" finished-at="2018-06-07T11:00:18Z" duration-ms="4700" status="PASS">
          <reporter-output>
          </reporter-output>
        </test-method> <!-- initialize -->
        <test-method signature="customerLogin()[pri:0, instance:com.gowri.End2End.Tc1CustomersLogin@696f0212]" started-at="2018-06-07T11:00:18Z" name="customerLogin" finished-at="2018-06-07T11:00:59Z" duration-ms="40714" status="PASS">
          <reporter-output>
          </reporter-output>
        </test-method> <!-- customerLogin -->
        <test-method is-config="true" signature="teardown()[pri:0, instance:com.gowri.End2End.Tc1CustomersLogin@696f0212]" started-at="2018-06-07T11:00:59Z" name="teardown" finished-at="2018-06-07T11:00:59Z" duration-ms="705" status="PASS">
          <reporter-output>
          </reporter-output>
        </test-method> <!-- teardown -->
      </class> <!-- com.gowri.End2End.Tc1CustomersLogin -->
    </test> <!-- Validating Customer Logins -->
    <test started-at="2018-06-07T11:00:59Z" name="Validating Manager Logins" finished-at="2018-06-07T11:01:07Z" duration-ms="7449">
      <class name="com.gowri.End2End.Tc2ManagerLogin">
        <test-method is-config="true" signature="initialize()[pri:0, instance:com.gowri.End2End.Tc2ManagerLogin@5c153b9e]" started-at="2018-06-07T11:00:59Z" name="initialize" finished-at="2018-06-07T11:01:01Z" duration-ms="1953" status="PASS">
          <reporter-output>
          </reporter-output>
        </test-method> <!-- initialize -->
        <test-method signature="managerLogin()[pri:0, instance:com.gowri.End2End.Tc2ManagerLogin@5c153b9e]" started-at="2018-06-07T11:01:01Z" name="managerLogin" finished-at="2018-06-07T11:01:06Z" duration-ms="4809" status="PASS">
          <reporter-output>
          </reporter-output>
        </test-method> <!-- managerLogin -->
        <test-method is-config="true" signature="teardown()[pri:0, instance:com.gowri.End2End.Tc2ManagerLogin@5c153b9e]" started-at="2018-06-07T11:01:06Z" name="teardown" finished-at="2018-06-07T11:01:07Z" duration-ms="684" status="PASS">
          <reporter-output>
          </reporter-output>
        </test-method> <!-- teardown -->
      </class> <!-- com.gowri.End2End.Tc2ManagerLogin -->
    </test> <!-- Validating Manager Logins -->
    <test started-at="2018-06-07T11:01:07Z" name="Deposit Money" finished-at="2018-06-07T11:01:18Z" duration-ms="11551">
      <class name="com.gowri.End2End.Tc3DepositAmount">
        <test-method is-config="true" signature="initialize()[pri:0, instance:com.gowri.End2End.Tc3DepositAmount@4351c8c3]" started-at="2018-06-07T11:01:07Z" name="initialize" finished-at="2018-06-07T11:01:09Z" duration-ms="1914" status="PASS">
          <reporter-output>
          </reporter-output>
        </test-method> <!-- initialize -->
        <test-method signature="depositMoney()[pri:0, instance:com.gowri.End2End.Tc3DepositAmount@4351c8c3]" started-at="2018-06-07T11:01:09Z" name="depositMoney" finished-at="2018-06-07T11:01:18Z" duration-ms="8938" status="PASS">
          <reporter-output>
          </reporter-output>
        </test-method> <!-- depositMoney -->
        <test-method is-config="true" signature="teardown()[pri:0, instance:com.gowri.End2End.Tc3DepositAmount@4351c8c3]" started-at="2018-06-07T11:01:18Z" name="teardown" finished-at="2018-06-07T11:01:18Z" duration-ms="696" status="PASS">
          <reporter-output>
          </reporter-output>
        </test-method> <!-- teardown -->
      </class> <!-- com.gowri.End2End.Tc3DepositAmount -->
    </test> <!-- Deposit Money -->
    <test started-at="2018-06-07T11:01:18Z" name="Add Customers" finished-at="2018-06-07T11:01:33Z" duration-ms="14934">
      <class name="com.gowri.End2End.Tc4AddCustomers">
        <test-method is-config="true" signature="initialize()[pri:0, instance:com.gowri.End2End.Tc4AddCustomers@6b44435b]" started-at="2018-06-07T11:01:18Z" name="initialize" finished-at="2018-06-07T11:01:22Z" duration-ms="3216" status="PASS">
          <reporter-output>
          </reporter-output>
        </test-method> <!-- initialize -->
        <test-method signature="addCustomers()[pri:0, instance:com.gowri.End2End.Tc4AddCustomers@6b44435b]" started-at="2018-06-07T11:01:22Z" name="addCustomers" finished-at="2018-06-07T11:01:33Z" duration-ms="11020" status="PASS">
          <reporter-output>
          </reporter-output>
        </test-method> <!-- addCustomers -->
        <test-method is-config="true" signature="teardown()[pri:0, instance:com.gowri.End2End.Tc4AddCustomers@6b44435b]" started-at="2018-06-07T11:01:33Z" name="teardown" finished-at="2018-06-07T11:01:33Z" duration-ms="696" status="PASS">
          <reporter-output>
          </reporter-output>
        </test-method> <!-- teardown -->
      </class> <!-- com.gowri.End2End.Tc4AddCustomers -->
    </test> <!-- Add Customers -->
  </suite> <!-- Suite -->
</testng-results>
