<?xml version="1.0" encoding="UTF-8"?>
<testng-results ignored="0" total="1" passed="1" failed="0" skipped="0">
  <reporter-output>
  </reporter-output>
  <suite started-at="2018-02-24T01:48:05Z" name="Default suite" finished-at="2018-02-24T01:48:17Z" duration-ms="12814">
    <groups>
    </groups>
    <test started-at="2018-02-24T01:48:05Z" name="Default test" finished-at="2018-02-24T01:48:17Z" duration-ms="12814">
      <class name="com.gowri.End2End.Tc2ManagerLogin">
        <test-method is-config="true" signature="initialize()[pri:0, instance:com.gowri.End2End.Tc2ManagerLogin@47c4ecdc]" started-at="2018-02-24T01:48:05Z" name="initialize" finished-at="2018-02-24T01:48:14Z" duration-ms="9092" status="PASS">
          <reporter-output>
          </reporter-output>
        </test-method> <!-- initialize -->
        <test-method signature="managerLogin()[pri:0, instance:com.gowri.End2End.Tc2ManagerLogin@47c4ecdc]" started-at="2018-02-24T01:48:14Z" name="managerLogin" finished-at="2018-02-24T01:48:17Z" duration-ms="3415" status="PASS">
          <reporter-output>
          </reporter-output>
        </test-method> <!-- managerLogin -->
        <test-method is-config="true" signature="teardown()[pri:0, instance:com.gowri.End2End.Tc2ManagerLogin@47c4ecdc]" started-at="2018-02-24T01:48:17Z" name="teardown" finished-at="2018-02-24T01:48:17Z" duration-ms="282" status="PASS">
          <reporter-output>
          </reporter-output>
        </test-method> <!-- teardown -->
      </class> <!-- com.gowri.End2End.Tc2ManagerLogin -->
    </test> <!-- Default test -->
  </suite> <!-- Default suite -->
</testng-results>
